   85  cd /home
   86  vi README.md
   87  Type  :quit<Enter>  to exit Vim
   88  Linux Practice
   89  -----------------
   90  cd /root
   91  mkdir server_lesson && cd server_lesson
   92  yum update -y && yum -y install git
   93  git version
   94  git init
   95  touch first.txt
   96  ls
   97  ls -a
   98  ls /
   99  mkdirã linux_practice1
  100  cd /server_lesson
  101  mkdir a  mnt  opt  proc  root  run  sbin  srv  sys  tmp  usr  var
  102  [root@d4da3eb9f423 server_lesson]# mkdir
  103  qz
  104  /a}Z_/}AZ/}
  105  Az
  106  }Az A*SÂ â—ŠÂ¸ans.l
  107  mkdir linux_practice1
  108  cd
  109  ls
  110  cd /server_lesson
  111  cd server_lesson
  112  ls
  113  cd linux_practice1
  114  mkdir public
  115  mkdir index.php
  116  ls
  117  rm index.php
  118  y
  119  ls
  120  rm index.php
  121  rm -r index.php
  122  ls
  123  cd public
  124  mkdir index.php
  125  cp index.php index_bk.php
  126  ls
  127   omitting directory 'index.php'
  128  cp index.php index_bk.php
  129  ls
  130  co 
  131  cp index.php index_bk.php
  132  rm -r index.php
  133  ls
  134  touch index.php
  135  ls
  136  cp index.php index_bk.php
  137  ls
  138  ..
  139  cd ..
  140  cp -r public tmp
  141  ls
  142  cd tmp
  143  ls
  144  rm index_bk.php
  145  ls
  146  cd../../
  147  cd ..
  148  cd..
  149  cd /home
  150  ls
  151  ls
  152  cd server_lesson
  153  cd..
  154  cd ~
  155  ls
  156  ls
  157  cd server_lesson
  158  vi README.md
  159  mkdir linux_practice2
  160  cd linux_practice2
  161  mkdir documents
  162  ls
  163  t
  164  ls
  165  cd documents
  166  touch gizumo{1..50}.md
  167  ls
  168  rm gizumo{1..50}.md
  169  touch gizumo{01..50}.md
  170  ls
  171  cd ..
  172  mkdir trash
  173  ls
  174  mv gizumo{20..40} trash
  175  ls
  176  cd documents
  177  ls
  178  mv gizumo{20..40} trash
  179  lls
  180  ls
  181  cd ../
  182  ls
  183  cd documents/
  184  ls
  185  mv gizumo{20..40} ../trash
  186  mv gizumo{20..40}.md ../trash
  187  ls
  188  cd ..
  189  touch .gitignore
  190  ls
  191  ls -a
  192  vi gizumo{20..29}.md
  193  vi .gitignore
  194  ls
  195  trash
  196  cd trash
  197  ls
  198  gitgit statu
  199  git statu
  200  git status
  201  ls-la
  202  ls -la
  203  cd..
  204  cd ../
  205  vi .gitignore
  206  git status
  207  ls
  208  cd trash
  209  ls
  210  cd ../
  211  lss
  212  ls
  213  vi .gitignore
  214  ls
  215  cd trash
  216  ls
  217  ls -la
  218  git status
  219  cd ../
  220  git status
  221  ls -la
  222  cd document
  223  cd documents/
  224  ls -la
  225  cd ../
  226  ls -la
  227  cd ../
  228  ls -la
  229  git status
  230  cd linux_practice2
  231  git status
  232  ls
  233  ls -la
  234  git status documents
  235  git status
  236  cd ../
  237  git status
  238  git add .
  239  git status
  240  git status
  241  git log
  242  git reset --hard HEAD
  243  git reset HEAD
  244  git status
  245  git rm --cached -r .
  246  git status
  247  cd linux_practice2
  248  ls
  249  cd documents
  250  ls
  251  rm gizumo,
  252  rm gizumo2.md 
  253  ls
  254  cd ../
  255  cd trash
  256  ls
  257  cd ../
  258  ls
  259  ls -la
  260  i
  261  vim 
  262  vi .gitignore 
  263  git status
  264  cd ../
  265  git add linux_practice2
  266  git status
  267  ls
  268  cd linux_practice2
  269  ls
  270  ls -la
  271  vi .
  272  vi .gitignore 
  273  cd ../
  274  ls -la
  275  git status
  276  ls
  277  cd linux_practice2
  278  ï½Œïls
  279  ls
  280  vi .gitignore 
  281  cd ../
  282  git status
  283  cd linux_practice2
  284  ls
  285  vi .gitignore 
  286  cd ../
  287  git status
  288  git rm -r --cached
  289  git rm -r --cached ./linux_practice2
  290  cd linux_practice2
  291  git status
  292  git rm -r git rm --cached -r .
  293  git rm --cached -r .
  294  git status
  295  ls
  296  vi .gitignore
  297  git rm --cached -r .
  298  cd ../
  299  git rm --cached -r .
  300  git status
  301  git log
  302  git rm --cached linux_practice2
  303  git rm --cached -r linux_practice2
  304  ls
  305  cd linux_practice2
  306  ls
  307  vi .gitignore 
  308  cd ../
  309  git rm --cached -r linux_practice2
  310  ls -la
  311  git status
  312* git rm --cached
  313  git rm --cached -r linux_practice2
  314  ls -la
  315  cd linux_practice2
  316  ls -la
  317  cd documents/
  318  ls -la
  319  cd ../trash
  320  ls -la
  321  cd ../
  322  cd ../
  323  ls -la
  324  cd ../
  325  ls -la
  326  cd server_lesson/
  327  ls
  328  ls -la
  329  git remote -v
  330  git status
  331  git add ./linux_practice2
  332  git status
  333  git rm --cached -r linux_practice2
  334  git status
  335  ls
  336  cd linux_practice2
  337  ls
  338  ls -la
  339  vi .gitignore
  340  cat .gitignore 
  341  ls
  342  git status
  343  cd ../
  344  git status
  345  git add ./linux_practice2
  346  git status
  347  vi .gitignore
  348  ls
  349  cd linux_practice2
  350  ls
  351  ls -a
  352  vi .gitignore
  353  git status
  354  git status
  355  vi .gitignore
  356  git rm --cached -r linux_practice
  357  vi .gitignore
  358  git status
  359  git add .
  360  git status
  361  git commit -m 'practice-2-4'
  362  touch exec_command.log
  363  ls
  364  ls -a
  365  ls
  366  cd exec_command.log
  367  cd exec_command.log
  368  cd /exec_command.log
  369  echo 'history 300' > exec_command.log
  370  cat exec_command.log
  371  echo "history 300" > exec_command.log
  372  cat exec_command.log
  373  cd ~
  374  ls
  375  cd server_lesson
  376  ls
  377  echo "history 300" > exec_command.log
  378  cat exec_command.log
  379  echo "history | 300" > exec_command.log
  380  cat exec_command.log
  381  history 300
  382  vim exec_command.log
  383  vi exec_command.log
  384  history 300 > exec_command.log
